21:24:44 logback [restartedMain] INFO  c.g.obsession.ObsessionApplication
				- Starting ObsessionApplication on NVT6EGJLR7JUVZF with PID 6492 (E:\web\obsession\target\classes started by Administrator in E:\web\obsession)
21:24:44 logback [restartedMain] INFO  c.g.obsession.ObsessionApplication
				- No active profile set, falling back to default profiles: default
21:24:45 logback [background-preinit] INFO  o.h.validator.internal.util.Version
				- HV000001: Hibernate Validator 6.0.2.Final
21:24:49 logback [restartedMain] INFO  c.alibaba.druid.pool.DruidDataSource
				- {dataSource-1} inited
21:24:49 logback [restartedMain] WARN  c.b.m.toolkit.TableInfoHelper
				- Warn: Could not find @TableId in Class: com.gatecm.obsession.entity.MemberIdentity.
21:24:49 logback [restartedMain] WARN  c.b.m.mapper.AutoSqlInjector
				- class com.gatecm.obsession.entity.MemberIdentity ,Not found @TableId annotation, Cannot use Mybatis-Plus 'xxById' Method.
21:24:50 logback [restartedMain] WARN  c.b.m.toolkit.TableInfoHelper
				- Warn: Could not find @TableId in Class: com.gatecm.obsession.entity.SysIdentityPermission.
21:24:50 logback [restartedMain] WARN  c.b.m.mapper.AutoSqlInjector
				- class com.gatecm.obsession.entity.SysIdentityPermission ,Not found @TableId annotation, Cannot use Mybatis-Plus 'xxById' Method.
21:24:50 logback [restartedMain] WARN  o.s.aop.framework.CglibAopProxy
				- Unable to proxy interface-implementing method [public final void org.apache.shiro.realm.AuthenticatingRealm.init()] because it is marked as final: Consider using interface-based JDK proxies instead!
21:24:50 logback [restartedMain] WARN  o.s.aop.framework.CglibAopProxy
				- Unable to proxy interface-implementing method [public final org.apache.shiro.authc.AuthenticationInfo org.apache.shiro.realm.AuthenticatingRealm.getAuthenticationInfo(org.apache.shiro.authc.AuthenticationToken) throws org.apache.shiro.authc.AuthenticationException] because it is marked as final: Consider using interface-based JDK proxies instead!
21:24:50 logback [restartedMain] INFO  o.a.catalina.core.StandardService
				- Starting service Tomcat
21:24:50 logback [restartedMain] INFO  o.a.catalina.core.StandardEngine
				- Starting Servlet Engine: Apache Tomcat/9.0.0.M17
21:24:51 logback [localhost-startStop-1] INFO  org.apache.jasper.servlet.TldScanner
				- At least one JAR was scanned for TLDs yet contained no TLDs. Enable debug logging for this logger for a complete list of JARs that were scanned but no TLDs were found in them. Skipping unneeded JARs during scanning can improve startup time and JSP compilation time.
21:24:51 logback [localhost-startStop-1] INFO  o.a.c.c.C.[Tomcat].[localhost].[/]
				- Initializing Spring embedded WebApplicationContext
21:24:53 logback [restartedMain] INFO  o.a.coyote.http11.Http11NioProtocol
				- Initializing ProtocolHandler ["http-nio-8787"]
21:24:53 logback [restartedMain] INFO  o.a.coyote.http11.Http11NioProtocol
				- Starting ProtocolHandler [http-nio-8787]
21:24:53 logback [restartedMain] INFO  o.a.tomcat.util.net.NioSelectorPool
				- Using a shared selector for servlet write/read
21:24:53 logback [restartedMain] INFO  c.g.obsession.ObsessionApplication
				- Started ObsessionApplication in 9.441 seconds (JVM running for 10.122)
21:36:06 logback [restartedMain] INFO  c.g.obsession.ObsessionApplication
				- Starting ObsessionApplication on NVT6EGJLR7JUVZF with PID 5232 (E:\web\obsession\target\classes started by Administrator in E:\web\obsession)
21:36:06 logback [restartedMain] INFO  c.g.obsession.ObsessionApplication
				- No active profile set, falling back to default profiles: default
21:36:07 logback [background-preinit] INFO  o.h.validator.internal.util.Version
				- HV000001: Hibernate Validator 6.0.2.Final
21:36:11 logback [restartedMain] INFO  c.alibaba.druid.pool.DruidDataSource
				- {dataSource-1} inited
21:36:11 logback [restartedMain] WARN  c.b.m.toolkit.TableInfoHelper
				- Warn: Could not find @TableId in Class: com.gatecm.obsession.entity.MemberIdentity.
21:36:11 logback [restartedMain] WARN  c.b.m.mapper.AutoSqlInjector
				- class com.gatecm.obsession.entity.MemberIdentity ,Not found @TableId annotation, Cannot use Mybatis-Plus 'xxById' Method.
21:36:11 logback [restartedMain] WARN  c.b.m.toolkit.TableInfoHelper
				- Warn: Could not find @TableId in Class: com.gatecm.obsession.entity.SysIdentityPermission.
21:36:11 logback [restartedMain] WARN  c.b.m.mapper.AutoSqlInjector
				- class com.gatecm.obsession.entity.SysIdentityPermission ,Not found @TableId annotation, Cannot use Mybatis-Plus 'xxById' Method.
21:36:11 logback [restartedMain] WARN  o.s.aop.framework.CglibAopProxy
				- Unable to proxy interface-implementing method [public final void org.apache.shiro.realm.AuthenticatingRealm.init()] because it is marked as final: Consider using interface-based JDK proxies instead!
21:36:11 logback [restartedMain] WARN  o.s.aop.framework.CglibAopProxy
				- Unable to proxy interface-implementing method [public final org.apache.shiro.authc.AuthenticationInfo org.apache.shiro.realm.AuthenticatingRealm.getAuthenticationInfo(org.apache.shiro.authc.AuthenticationToken) throws org.apache.shiro.authc.AuthenticationException] because it is marked as final: Consider using interface-based JDK proxies instead!
21:36:12 logback [restartedMain] INFO  o.a.catalina.core.StandardService
				- Starting service Tomcat
21:36:12 logback [restartedMain] INFO  o.a.catalina.core.StandardEngine
				- Starting Servlet Engine: Apache Tomcat/9.0.0.M17
21:36:12 logback [localhost-startStop-1] INFO  org.apache.jasper.servlet.TldScanner
				- At least one JAR was scanned for TLDs yet contained no TLDs. Enable debug logging for this logger for a complete list of JARs that were scanned but no TLDs were found in them. Skipping unneeded JARs during scanning can improve startup time and JSP compilation time.
21:36:12 logback [localhost-startStop-1] INFO  o.a.c.c.C.[Tomcat].[localhost].[/]
				- Initializing Spring embedded WebApplicationContext
21:36:15 logback [restartedMain] INFO  o.a.coyote.http11.Http11NioProtocol
				- Initializing ProtocolHandler ["http-nio-8787"]
21:36:15 logback [restartedMain] INFO  o.a.coyote.http11.Http11NioProtocol
				- Starting ProtocolHandler [http-nio-8787]
21:36:15 logback [restartedMain] INFO  o.a.tomcat.util.net.NioSelectorPool
				- Using a shared selector for servlet write/read
21:36:15 logback [restartedMain] INFO  c.g.obsession.ObsessionApplication
				- Started ObsessionApplication in 9.196 seconds (JVM running for 9.807)
21:43:32 logback [http-nio-8787-exec-1] INFO  o.a.c.c.C.[Tomcat].[localhost].[/]
				- Initializing Spring FrameworkServlet 'dispatcherServlet'
21:43:33 logback [http-nio-8787-exec-2] INFO  c.g.o.interceptor.MyInterceptor
				- MyInterceptor==>preHandle: preHandle:URI [/plugin/bootstrap/bootstrap.min.css], Request Mapping [ResourceHttpRequestHandler [locations=[class path resource [META-INF/resources/], class path resource [resources/], class path resource [static/], class path resource [public/], ServletContext resource [/]], resolvers=[org.springframework.web.servlet.resource.PathResourceResolver@47cdc2bc]]]
21:43:33 logback [http-nio-8787-exec-4] INFO  c.g.o.interceptor.MyInterceptor
				- MyInterceptor==>preHandle: preHandle:URI [/plugin/bootstrap/bootstrap.min.js], Request Mapping [ResourceHttpRequestHandler [locations=[class path resource [META-INF/resources/], class path resource [resources/], class path resource [static/], class path resource [public/], ServletContext resource [/]], resolvers=[org.springframework.web.servlet.resource.PathResourceResolver@47cdc2bc]]]
21:43:33 logback [http-nio-8787-exec-3] INFO  c.g.o.interceptor.MyInterceptor
				- MyInterceptor==>preHandle: preHandle:URI [/plugin/jquery/jquery.min.js], Request Mapping [ResourceHttpRequestHandler [locations=[class path resource [META-INF/resources/], class path resource [resources/], class path resource [static/], class path resource [public/], ServletContext resource [/]], resolvers=[org.springframework.web.servlet.resource.PathResourceResolver@47cdc2bc]]]
21:43:38 logback [http-nio-8787-exec-9] INFO  c.g.o.interceptor.MyInterceptor
				- MyInterceptor==>preHandle: preHandle:URI [/login], Request Mapping [public java.util.Map<java.lang.String, java.lang.Object> com.gatecm.obsession.controller.LoginController.login(java.lang.String,java.lang.String)]
21:43:38 logback [http-nio-8787-exec-9] DEBUG c.g.o.mapper.MemberDao.selectByMap
				- ==>  Preparing: SELECT id AS id,gmt_modify AS gmtModify,gmt_create AS gmtCreate,nickname,phone_number AS phoneNumber,pswd,create_time AS createTime,last_login_time AS lastLoginTime,`status`,salt,is_del AS isDel FROM uc_member WHERE nickname = ? 
21:43:38 logback [http-nio-8787-exec-9] DEBUG c.g.o.mapper.MemberDao.selectByMap
				- ==> Parameters: 中转站(String)
21:43:38 logback [http-nio-8787-exec-9] DEBUG c.g.o.mapper.MemberDao.selectByMap
				- <==      Total: 0
21:48:58 logback [http-nio-8787-exec-4] INFO  c.g.o.interceptor.MyInterceptor
				- MyInterceptor==>preHandle: preHandle:URI [/plugin/bootstrap/bootstrap.min.css], Request Mapping [ResourceHttpRequestHandler [locations=[class path resource [META-INF/resources/], class path resource [resources/], class path resource [static/], class path resource [public/], ServletContext resource [/]], resolvers=[org.springframework.web.servlet.resource.PathResourceResolver@47cdc2bc]]]
21:48:58 logback [http-nio-8787-exec-3] INFO  c.g.o.interceptor.MyInterceptor
				- MyInterceptor==>preHandle: preHandle:URI [/plugin/jquery/jquery.min.js], Request Mapping [ResourceHttpRequestHandler [locations=[class path resource [META-INF/resources/], class path resource [resources/], class path resource [static/], class path resource [public/], ServletContext resource [/]], resolvers=[org.springframework.web.servlet.resource.PathResourceResolver@47cdc2bc]]]
21:48:58 logback [http-nio-8787-exec-2] INFO  c.g.o.interceptor.MyInterceptor
				- MyInterceptor==>preHandle: preHandle:URI [/plugin/bootstrap/bootstrap.min.js], Request Mapping [ResourceHttpRequestHandler [locations=[class path resource [META-INF/resources/], class path resource [resources/], class path resource [static/], class path resource [public/], ServletContext resource [/]], resolvers=[org.springframework.web.servlet.resource.PathResourceResolver@47cdc2bc]]]
21:48:59 logback [http-nio-8787-exec-6] INFO  c.g.o.interceptor.MyInterceptor
				- MyInterceptor==>preHandle: preHandle:URI [/plugin/bootstrap/bootstrap.min.css], Request Mapping [ResourceHttpRequestHandler [locations=[class path resource [META-INF/resources/], class path resource [resources/], class path resource [static/], class path resource [public/], ServletContext resource [/]], resolvers=[org.springframework.web.servlet.resource.PathResourceResolver@47cdc2bc]]]
21:48:59 logback [http-nio-8787-exec-8] INFO  c.g.o.interceptor.MyInterceptor
				- MyInterceptor==>preHandle: preHandle:URI [/plugin/jquery/jquery.min.js], Request Mapping [ResourceHttpRequestHandler [locations=[class path resource [META-INF/resources/], class path resource [resources/], class path resource [static/], class path resource [public/], ServletContext resource [/]], resolvers=[org.springframework.web.servlet.resource.PathResourceResolver@47cdc2bc]]]
21:48:59 logback [http-nio-8787-exec-6] INFO  c.g.o.interceptor.MyInterceptor
				- MyInterceptor==>preHandle: preHandle:URI [/plugin/bootstrap/bootstrap.min.js], Request Mapping [ResourceHttpRequestHandler [locations=[class path resource [META-INF/resources/], class path resource [resources/], class path resource [static/], class path resource [public/], ServletContext resource [/]], resolvers=[org.springframework.web.servlet.resource.PathResourceResolver@47cdc2bc]]]
22:13:46 logback [restartedMain] INFO  c.g.obsession.ObsessionApplication
				- Starting ObsessionApplication on NVT6EGJLR7JUVZF with PID 7872 (E:\web\obsession\target\classes started by Administrator in E:\web\obsession)
22:13:46 logback [restartedMain] INFO  c.g.obsession.ObsessionApplication
				- No active profile set, falling back to default profiles: default
22:13:46 logback [background-preinit] INFO  o.h.validator.internal.util.Version
				- HV000001: Hibernate Validator 6.0.2.Final
22:13:51 logback [restartedMain] INFO  c.alibaba.druid.pool.DruidDataSource
				- {dataSource-1} inited
22:13:51 logback [restartedMain] WARN  c.b.m.toolkit.TableInfoHelper
				- Warn: Could not find @TableId in Class: com.gatecm.obsession.entity.MemberIdentity.
22:13:51 logback [restartedMain] WARN  c.b.m.mapper.AutoSqlInjector
				- class com.gatecm.obsession.entity.MemberIdentity ,Not found @TableId annotation, Cannot use Mybatis-Plus 'xxById' Method.
22:13:51 logback [restartedMain] WARN  c.b.m.toolkit.TableInfoHelper
				- Warn: Could not find @TableId in Class: com.gatecm.obsession.entity.SysIdentityPermission.
22:13:51 logback [restartedMain] WARN  c.b.m.mapper.AutoSqlInjector
				- class com.gatecm.obsession.entity.SysIdentityPermission ,Not found @TableId annotation, Cannot use Mybatis-Plus 'xxById' Method.
22:13:51 logback [restartedMain] WARN  o.s.aop.framework.CglibAopProxy
				- Unable to proxy interface-implementing method [public final void org.apache.shiro.realm.AuthenticatingRealm.init()] because it is marked as final: Consider using interface-based JDK proxies instead!
22:13:51 logback [restartedMain] WARN  o.s.aop.framework.CglibAopProxy
				- Unable to proxy interface-implementing method [public final org.apache.shiro.authc.AuthenticationInfo org.apache.shiro.realm.AuthenticatingRealm.getAuthenticationInfo(org.apache.shiro.authc.AuthenticationToken) throws org.apache.shiro.authc.AuthenticationException] because it is marked as final: Consider using interface-based JDK proxies instead!
22:13:52 logback [restartedMain] INFO  o.a.catalina.core.StandardService
				- Starting service Tomcat
22:13:52 logback [restartedMain] INFO  o.a.catalina.core.StandardEngine
				- Starting Servlet Engine: Apache Tomcat/9.0.0.M17
22:13:52 logback [localhost-startStop-1] INFO  org.apache.jasper.servlet.TldScanner
				- At least one JAR was scanned for TLDs yet contained no TLDs. Enable debug logging for this logger for a complete list of JARs that were scanned but no TLDs were found in them. Skipping unneeded JARs during scanning can improve startup time and JSP compilation time.
22:13:52 logback [localhost-startStop-1] INFO  o.a.c.c.C.[Tomcat].[localhost].[/]
				- Initializing Spring embedded WebApplicationContext
22:13:55 logback [restartedMain] INFO  o.a.coyote.http11.Http11NioProtocol
				- Initializing ProtocolHandler ["http-nio-8787"]
22:13:55 logback [restartedMain] INFO  o.a.coyote.http11.Http11NioProtocol
				- Starting ProtocolHandler [http-nio-8787]
22:13:55 logback [restartedMain] INFO  o.a.tomcat.util.net.NioSelectorPool
				- Using a shared selector for servlet write/read
22:13:55 logback [restartedMain] INFO  c.g.obsession.ObsessionApplication
				- Started ObsessionApplication in 9.572 seconds (JVM running for 10.177)
22:14:18 logback [http-nio-8787-exec-1] INFO  o.a.c.c.C.[Tomcat].[localhost].[/]
				- Initializing Spring FrameworkServlet 'dispatcherServlet'
22:14:19 logback [http-nio-8787-exec-3] INFO  c.g.o.interceptor.MyInterceptor
				- MyInterceptor==>preHandle: preHandle:URI [/plugin/bootstrap/bootstrap.min.css], Request Mapping [ResourceHttpRequestHandler [locations=[class path resource [META-INF/resources/], class path resource [resources/], class path resource [static/], class path resource [public/], ServletContext resource [/]], resolvers=[org.springframework.web.servlet.resource.PathResourceResolver@6cb5e5db]]]
22:14:19 logback [http-nio-8787-exec-4] INFO  c.g.o.interceptor.MyInterceptor
				- MyInterceptor==>preHandle: preHandle:URI [/plugin/bootstrap/bootstrap.min.js], Request Mapping [ResourceHttpRequestHandler [locations=[class path resource [META-INF/resources/], class path resource [resources/], class path resource [static/], class path resource [public/], ServletContext resource [/]], resolvers=[org.springframework.web.servlet.resource.PathResourceResolver@6cb5e5db]]]
22:14:19 logback [http-nio-8787-exec-5] INFO  c.g.o.interceptor.MyInterceptor
				- MyInterceptor==>preHandle: preHandle:URI [/plugin/jquery/jquery.min.js], Request Mapping [ResourceHttpRequestHandler [locations=[class path resource [META-INF/resources/], class path resource [resources/], class path resource [static/], class path resource [public/], ServletContext resource [/]], resolvers=[org.springframework.web.servlet.resource.PathResourceResolver@6cb5e5db]]]
22:14:30 logback [http-nio-8787-exec-6] INFO  c.g.o.interceptor.MyInterceptor
				- MyInterceptor==>preHandle: preHandle:URI [/login], Request Mapping [public java.util.Map<java.lang.String, java.lang.Object> com.gatecm.obsession.controller.LoginController.login(java.lang.String,java.lang.String)]
22:14:31 logback [http-nio-8787-exec-6] DEBUG c.g.o.mapper.MemberDao.selectByMap
				- ==>  Preparing: SELECT id AS id,gmt_modify AS gmtModify,gmt_create AS gmtCreate,nickname,phone_number AS phoneNumber,pswd,create_time AS createTime,last_login_time AS lastLoginTime,`status`,salt,is_del AS isDel FROM uc_member WHERE nickname = ? 
22:14:31 logback [http-nio-8787-exec-6] DEBUG c.g.o.mapper.MemberDao.selectByMap
				- ==> Parameters: 中转站(String)
22:14:31 logback [http-nio-8787-exec-6] WARN  o.a.s.authc.AbstractAuthenticator
				- Authentication failed for token submission [org.apache.shiro.authc.UsernamePasswordToken - 中转站, rememberMe=false].  Possible unexpected error? (Typical or expected login exceptions should extend from AuthenticationException).
org.springframework.dao.TransientDataAccessResourceException: Error attempting to get column 'gmtCreate' from result set.  Cause: java.sql.SQLException: Value '0000-00-00 00:00:00' can not be represented as java.sql.Timestamp
; ]; Value '0000-00-00 00:00:00' can not be represented as java.sql.Timestamp; nested exception is java.sql.SQLException: Value '0000-00-00 00:00:00' can not be represented as java.sql.Timestamp
	at org.springframework.jdbc.support.SQLStateSQLExceptionTranslator.doTranslate(SQLStateSQLExceptionTranslator.java:110)
	at org.springframework.jdbc.support.AbstractFallbackSQLExceptionTranslator.translate(AbstractFallbackSQLExceptionTranslator.java:72)
	at org.springframework.jdbc.support.AbstractFallbackSQLExceptionTranslator.translate(AbstractFallbackSQLExceptionTranslator.java:81)
	at org.springframework.jdbc.support.AbstractFallbackSQLExceptionTranslator.translate(AbstractFallbackSQLExceptionTranslator.java:81)
	at org.mybatis.spring.MyBatisExceptionTranslator.translateExceptionIfPossible(MyBatisExceptionTranslator.java:73)
	at org.mybatis.spring.SqlSessionTemplate$SqlSessionInterceptor.invoke(SqlSessionTemplate.java:446)
	at com.sun.proxy.$Proxy80.selectList(Unknown Source)
	at org.mybatis.spring.SqlSessionTemplate.selectList(SqlSessionTemplate.java:230)
	at org.apache.ibatis.binding.MapperMethod.executeForMany(MapperMethod.java:137)
	at org.apache.ibatis.binding.MapperMethod.execute(MapperMethod.java:75)
	at org.apache.ibatis.binding.MapperProxy.invoke(MapperProxy.java:59)
	at com.sun.proxy.$Proxy83.selectByMap(Unknown Source)
	at com.gatecm.obsession.config.shiro.BasicRealm.doGetAuthenticationInfo(BasicRealm.java:93)
	at sun.reflect.NativeMethodAccessorImpl.invoke0(Native Method)
	at sun.reflect.NativeMethodAccessorImpl.invoke(NativeMethodAccessorImpl.java:62)
	at sun.reflect.DelegatingMethodAccessorImpl.invoke(DelegatingMethodAccessorImpl.java:43)
	at java.lang.reflect.Method.invoke(Method.java:497)
	at org.springframework.aop.support.AopUtils.invokeJoinpointUsingReflection(AopUtils.java:338)
	at org.springframework.aop.framework.ReflectiveMethodInvocation.invokeJoinpoint(ReflectiveMethodInvocation.java:197)
	at org.springframework.aop.framework.CglibAopProxy$CglibMethodInvocation.invokeJoinpoint(CglibAopProxy.java:750)
	at org.springframework.aop.framework.ReflectiveMethodInvocation.proceed(ReflectiveMethodInvocation.java:163)
	at org.springframework.dao.support.PersistenceExceptionTranslationInterceptor.invoke(PersistenceExceptionTranslationInterceptor.java:139)
	at org.springframework.aop.framework.ReflectiveMethodInvocation.proceed(ReflectiveMethodInvocation.java:185)
	at org.springframework.aop.framework.CglibAopProxy$DynamicAdvisedInterceptor.intercept(CglibAopProxy.java:689)
	at com.gatecm.obsession.config.shiro.BasicRealm$$EnhancerBySpringCGLIB$$cb200786.doGetAuthenticationInfo(<generated>)
	at org.apache.shiro.realm.AuthenticatingRealm.getAuthenticationInfo(AuthenticatingRealm.java:568)
	at org.apache.shiro.authc.pam.ModularRealmAuthenticator.doSingleRealmAuthentication(ModularRealmAuthenticator.java:180)
	at org.apache.shiro.authc.pam.ModularRealmAuthenticator.doAuthenticate(ModularRealmAuthenticator.java:267)
	at org.apache.shiro.authc.AbstractAuthenticator.authenticate(AbstractAuthenticator.java:198)
	at org.apache.shiro.mgt.AuthenticatingSecurityManager.authenticate(AuthenticatingSecurityManager.java:106)
	at org.apache.shiro.mgt.DefaultSecurityManager.login(DefaultSecurityManager.java:270)
	at org.apache.shiro.subject.support.DelegatingSubject.login(DelegatingSubject.java:256)
	at com.gatecm.obsession.controller.LoginController.login(LoginController.java:44)
	at com.gatecm.obsession.controller.LoginController$$FastClassBySpringCGLIB$$132ae3ca.invoke(<generated>)
	at org.springframework.cglib.proxy.MethodProxy.invoke(MethodProxy.java:204)
	at org.springframework.aop.framework.CglibAopProxy$CglibMethodInvocation.invokeJoinpoint(CglibAopProxy.java:747)
	at org.springframework.aop.framework.ReflectiveMethodInvocation.proceed(ReflectiveMethodInvocation.java:163)
	at org.springframework.aop.framework.adapter.AfterReturningAdviceInterceptor.invoke(AfterReturningAdviceInterceptor.java:52)
	at org.springframework.aop.framework.ReflectiveMethodInvocation.proceed(ReflectiveMethodInvocation.java:185)
	at org.springframework.aop.interceptor.ExposeInvocationInterceptor.invoke(ExposeInvocationInterceptor.java:92)
	at org.springframework.aop.framework.ReflectiveMethodInvocation.proceed(ReflectiveMethodInvocation.java:185)
	at org.springframework.aop.framework.CglibAopProxy$DynamicAdvisedInterceptor.intercept(CglibAopProxy.java:689)
	at com.gatecm.obsession.controller.LoginController$$EnhancerBySpringCGLIB$$b88173f7.login(<generated>)
	at sun.reflect.NativeMethodAccessorImpl.invoke0(Native Method)
	at sun.reflect.NativeMethodAccessorImpl.invoke(NativeMethodAccessorImpl.java:62)
	at sun.reflect.DelegatingMethodAccessorImpl.invoke(DelegatingMethodAccessorImpl.java:43)
	at java.lang.reflect.Method.invoke(Method.java:497)
	at org.springframework.web.method.support.InvocableHandlerMethod.doInvoke(InvocableHandlerMethod.java:209)
	at org.springframework.web.method.support.InvocableHandlerMethod.invokeForRequest(InvocableHandlerMethod.java:136)
	at org.springframework.web.servlet.mvc.method.annotation.ServletInvocableHandlerMethod.invokeAndHandle(ServletInvocableHandlerMethod.java:102)
	at org.springframework.web.servlet.mvc.method.annotation.RequestMappingHandlerAdapter.invokeHandlerMethod(RequestMappingHandlerAdapter.java:871)
	at org.springframework.web.servlet.mvc.method.annotation.RequestMappingHandlerAdapter.handleInternal(RequestMappingHandlerAdapter.java:777)
	at org.springframework.web.servlet.mvc.method.AbstractHandlerMethodAdapter.handle(AbstractHandlerMethodAdapter.java:87)
	at org.springframework.web.servlet.DispatcherServlet.doDispatch(DispatcherServlet.java:991)
	at org.springframework.web.servlet.DispatcherServlet.doService(DispatcherServlet.java:925)
	at org.springframework.web.servlet.FrameworkServlet.processRequest(FrameworkServlet.java:978)
	at org.springframework.web.servlet.FrameworkServlet.doPost(FrameworkServlet.java:881)
	at javax.servlet.http.HttpServlet.service(HttpServlet.java:648)
	at org.springframework.web.servlet.FrameworkServlet.service(FrameworkServlet.java:855)
	at javax.servlet.http.HttpServlet.service(HttpServlet.java:729)
	at org.apache.catalina.core.ApplicationFilterChain.internalDoFilter(ApplicationFilterChain.java:230)
	at org.apache.catalina.core.ApplicationFilterChain.doFilter(ApplicationFilterChain.java:165)
	at org.apache.tomcat.websocket.server.WsFilter.doFilter(WsFilter.java:53)
	at org.apache.catalina.core.ApplicationFilterChain.internalDoFilter(ApplicationFilterChain.java:192)
	at org.apache.catalina.core.ApplicationFilterChain.doFilter(ApplicationFilterChain.java:165)
	at org.apache.shiro.web.servlet.ProxiedFilterChain.doFilter(ProxiedFilterChain.java:61)
	at org.apache.shiro.web.servlet.AdviceFilter.executeChain(AdviceFilter.java:108)
	at org.apache.shiro.web.servlet.AdviceFilter.doFilterInternal(AdviceFilter.java:137)
	at org.apache.shiro.web.servlet.OncePerRequestFilter.doFilter(OncePerRequestFilter.java:125)
	at org.apache.shiro.web.servlet.ProxiedFilterChain.doFilter(ProxiedFilterChain.java:66)
	at org.apache.shiro.web.servlet.AbstractShiroFilter.executeChain(AbstractShiroFilter.java:449)
	at org.apache.shiro.web.servlet.AbstractShiroFilter$1.call(AbstractShiroFilter.java:365)
	at org.apache.shiro.subject.support.SubjectCallable.doCall(SubjectCallable.java:90)
	at org.apache.shiro.subject.support.SubjectCallable.call(SubjectCallable.java:83)
	at org.apache.shiro.subject.support.DelegatingSubject.execute(DelegatingSubject.java:383)
	at org.apache.shiro.web.servlet.AbstractShiroFilter.doFilterInternal(AbstractShiroFilter.java:362)
	at org.apache.shiro.web.servlet.OncePerRequestFilter.doFilter(OncePerRequestFilter.java:125)
	at org.apache.catalina.core.ApplicationFilterChain.internalDoFilter(ApplicationFilterChain.java:192)
	at org.apache.catalina.core.ApplicationFilterChain.doFilter(ApplicationFilterChain.java:165)
	at com.alibaba.druid.support.http.WebStatFilter.doFilter(WebStatFilter.java:123)
	at org.apache.catalina.core.ApplicationFilterChain.internalDoFilter(ApplicationFilterChain.java:192)
	at org.apache.catalina.core.ApplicationFilterChain.doFilter(ApplicationFilterChain.java:165)
	at org.springframework.web.filter.RequestContextFilter.doFilterInternal(RequestContextFilter.java:99)
	at org.springframework.web.filter.OncePerRequestFilter.doFilter(OncePerRequestFilter.java:107)
	at org.apache.catalina.core.ApplicationFilterChain.internalDoFilter(ApplicationFilterChain.java:192)
	at org.apache.catalina.core.ApplicationFilterChain.doFilter(ApplicationFilterChain.java:165)
	at org.springframework.web.filter.HttpPutFormContentFilter.doFilterInternal(HttpPutFormContentFilter.java:108)
	at org.springframework.web.filter.OncePerRequestFilter.doFilter(OncePerRequestFilter.java:107)
	at org.apache.catalina.core.ApplicationFilterChain.internalDoFilter(ApplicationFilterChain.java:192)
	at org.apache.catalina.core.ApplicationFilterChain.doFilter(ApplicationFilterChain.java:165)
	at org.springframework.web.filter.HiddenHttpMethodFilter.doFilterInternal(HiddenHttpMethodFilter.java:81)
	at org.springframework.web.filter.OncePerRequestFilter.doFilter(OncePerRequestFilter.java:107)
	at org.apache.catalina.core.ApplicationFilterChain.internalDoFilter(ApplicationFilterChain.java:192)
	at org.apache.catalina.core.ApplicationFilterChain.doFilter(ApplicationFilterChain.java:165)
	at org.springframework.web.filter.CharacterEncodingFilter.doFilterInternal(CharacterEncodingFilter.java:200)
	at org.springframework.web.filter.OncePerRequestFilter.doFilter(OncePerRequestFilter.java:107)
	at org.apache.catalina.core.ApplicationFilterChain.internalDoFilter(ApplicationFilterChain.java:192)
	at org.apache.catalina.core.ApplicationFilterChain.doFilter(ApplicationFilterChain.java:165)
	at org.apache.catalina.core.StandardWrapperValve.invoke(StandardWrapperValve.java:199)
	at org.apache.catalina.core.StandardContextValve.invoke(StandardContextValve.java:96)
	at org.apache.catalina.authenticator.AuthenticatorBase.invoke(AuthenticatorBase.java:474)
	at org.apache.catalina.core.StandardHostValve.invoke(StandardHostValve.java:140)
	at org.apache.catalina.valves.ErrorReportValve.invoke(ErrorReportValve.java:79)
	at org.apache.catalina.core.StandardEngineValve.invoke(StandardEngineValve.java:87)
	at org.apache.catalina.connector.CoyoteAdapter.service(CoyoteAdapter.java:349)
	at org.apache.coyote.http11.Http11Processor.service(Http11Processor.java:495)
	at org.apache.coyote.AbstractProcessorLight.process(AbstractProcessorLight.java:66)
	at org.apache.coyote.AbstractProtocol$ConnectionHandler.process(AbstractProtocol.java:767)
	at org.apache.tomcat.util.net.NioEndpoint$SocketProcessor.doRun(NioEndpoint.java:1347)
	at org.apache.tomcat.util.net.SocketProcessorBase.run(SocketProcessorBase.java:49)
	at java.util.concurrent.ThreadPoolExecutor.runWorker(ThreadPoolExecutor.java:1142)
	at java.util.concurrent.ThreadPoolExecutor$Worker.run(ThreadPoolExecutor.java:617)
	at org.apache.tomcat.util.threads.TaskThread$WrappingRunnable.run(TaskThread.java:61)
	at java.lang.Thread.run(Thread.java:745)
Caused by: java.sql.SQLException: Value '0000-00-00 00:00:00' can not be represented as java.sql.Timestamp
	at com.mysql.jdbc.SQLError.createSQLException(SQLError.java:964)
	at com.mysql.jdbc.SQLError.createSQLException(SQLError.java:897)
	at com.mysql.jdbc.SQLError.createSQLException(SQLError.java:886)
	at com.mysql.jdbc.SQLError.createSQLException(SQLError.java:860)
	at com.mysql.jdbc.ResultSetRow.getTimestampFast(ResultSetRow.java:937)
	at com.mysql.jdbc.ByteArrayRow.getTimestampFast(ByteArrayRow.java:130)
	at com.mysql.jdbc.ResultSetImpl.getTimestampInternal(ResultSetImpl.java:5918)
	at com.mysql.jdbc.ResultSetImpl.getTimestamp(ResultSetImpl.java:5588)
	at com.mysql.jdbc.ResultSetImpl.getTimestamp(ResultSetImpl.java:5617)
	at com.alibaba.druid.filter.FilterChainImpl.resultSet_getTimestamp(FilterChainImpl.java:909)
	at com.alibaba.druid.filter.FilterAdapter.resultSet_getTimestamp(FilterAdapter.java:1796)
	at com.alibaba.druid.filter.FilterChainImpl.resultSet_getTimestamp(FilterChainImpl.java:907)
	at com.alibaba.druid.filter.FilterAdapter.resultSet_getTimestamp(FilterAdapter.java:1796)
	at com.alibaba.druid.filter.FilterChainImpl.resultSet_getTimestamp(FilterChainImpl.java:907)
	at com.alibaba.druid.filter.FilterAdapter.resultSet_getTimestamp(FilterAdapter.java:1796)
	at com.alibaba.druid.filter.FilterChainImpl.resultSet_getTimestamp(FilterChainImpl.java:907)
	at com.alibaba.druid.proxy.jdbc.ResultSetProxyImpl.getTimestamp(ResultSetProxyImpl.java:741)
	at com.alibaba.druid.pool.DruidPooledResultSet.getTimestamp(DruidPooledResultSet.java:366)
	at sun.reflect.NativeMethodAccessorImpl.invoke0(Native Method)
	at sun.reflect.NativeMethodAccessorImpl.invoke(NativeMethodAccessorImpl.java:62)
	at sun.reflect.DelegatingMethodAccessorImpl.invoke(DelegatingMethodAccessorImpl.java:43)
	at java.lang.reflect.Method.invoke(Method.java:497)
	at org.apache.ibatis.logging.jdbc.ResultSetLogger.invoke(ResultSetLogger.java:68)
	at com.sun.proxy.$Proxy105.getTimestamp(Unknown Source)
	at org.apache.ibatis.type.DateTypeHandler.getNullableResult(DateTypeHandler.java:39)
	at org.apache.ibatis.type.DateTypeHandler.getNullableResult(DateTypeHandler.java:28)
	at org.apache.ibatis.type.BaseTypeHandler.getResult(BaseTypeHandler.java:66)
	at org.apache.ibatis.executor.resultset.DefaultResultSetHandler.applyAutomaticMappings(DefaultResultSetHandler.java:516)
	at org.apache.ibatis.executor.resultset.DefaultResultSetHandler.getRowValue(DefaultResultSetHandler.java:397)
	at org.apache.ibatis.executor.resultset.DefaultResultSetHandler.handleRowValuesForSimpleResultMap(DefaultResultSetHandler.java:351)
	at org.apache.ibatis.executor.resultset.DefaultResultSetHandler.handleRowValues(DefaultResultSetHandler.java:326)
	at org.apache.ibatis.executor.resultset.DefaultResultSetHandler.handleResultSet(DefaultResultSetHandler.java:299)
	at org.apache.ibatis.executor.resultset.DefaultResultSetHandler.handleResultSets(DefaultResultSetHandler.java:192)
	at org.apache.ibatis.executor.statement.PreparedStatementHandler.query(PreparedStatementHandler.java:64)
	at org.apache.ibatis.executor.statement.RoutingStatementHandler.query(RoutingStatementHandler.java:79)
	at sun.reflect.NativeMethodAccessorImpl.invoke0(Native Method)
	at sun.reflect.NativeMethodAccessorImpl.invoke(NativeMethodAccessorImpl.java:62)
	at sun.reflect.DelegatingMethodAccessorImpl.invoke(DelegatingMethodAccessorImpl.java:43)
	at java.lang.reflect.Method.invoke(Method.java:497)
	at org.apache.ibatis.plugin.Plugin.invoke(Plugin.java:63)
	at com.sun.proxy.$Proxy102.query(Unknown Source)
	at org.apache.ibatis.executor.SimpleExecutor.doQuery(SimpleExecutor.java:63)
	at org.apache.ibatis.executor.BaseExecutor.queryFromDatabase(BaseExecutor.java:324)
	at org.apache.ibatis.executor.BaseExecutor.query(BaseExecutor.java:156)
	at org.apache.ibatis.executor.CachingExecutor.query(CachingExecutor.java:109)
	at org.apache.ibatis.executor.CachingExecutor.query(CachingExecutor.java:83)
	at org.apache.ibatis.session.defaults.DefaultSqlSession.selectList(DefaultSqlSession.java:148)
	at org.apache.ibatis.session.defaults.DefaultSqlSession.selectList(DefaultSqlSession.java:141)
	at sun.reflect.NativeMethodAccessorImpl.invoke0(Native Method)
	at sun.reflect.NativeMethodAccessorImpl.invoke(NativeMethodAccessorImpl.java:62)
	at sun.reflect.DelegatingMethodAccessorImpl.invoke(DelegatingMethodAccessorImpl.java:43)
	at java.lang.reflect.Method.invoke(Method.java:497)
	at org.mybatis.spring.SqlSessionTemplate$SqlSessionInterceptor.invoke(SqlSessionTemplate.java:433)
	... 108 common frames omitted
22:15:34 logback [http-nio-8787-exec-10] INFO  c.g.o.interceptor.MyInterceptor
				- MyInterceptor==>preHandle: preHandle:URI [/plugin/bootstrap/bootstrap.min.css], Request Mapping [ResourceHttpRequestHandler [locations=[class path resource [META-INF/resources/], class path resource [resources/], class path resource [static/], class path resource [public/], ServletContext resource [/]], resolvers=[org.springframework.web.servlet.resource.PathResourceResolver@6cb5e5db]]]
22:15:34 logback [http-nio-8787-exec-1] INFO  c.g.o.interceptor.MyInterceptor
				- MyInterceptor==>preHandle: preHandle:URI [/plugin/jquery/jquery.min.js], Request Mapping [ResourceHttpRequestHandler [locations=[class path resource [META-INF/resources/], class path resource [resources/], class path resource [static/], class path resource [public/], ServletContext resource [/]], resolvers=[org.springframework.web.servlet.resource.PathResourceResolver@6cb5e5db]]]
22:15:34 logback [http-nio-8787-exec-2] INFO  c.g.o.interceptor.MyInterceptor
				- MyInterceptor==>preHandle: preHandle:URI [/plugin/bootstrap/bootstrap.min.js], Request Mapping [ResourceHttpRequestHandler [locations=[class path resource [META-INF/resources/], class path resource [resources/], class path resource [static/], class path resource [public/], ServletContext resource [/]], resolvers=[org.springframework.web.servlet.resource.PathResourceResolver@6cb5e5db]]]
22:15:35 logback [http-nio-8787-exec-4] INFO  c.g.o.interceptor.MyInterceptor
				- MyInterceptor==>preHandle: preHandle:URI [/login], Request Mapping [public java.util.Map<java.lang.String, java.lang.Object> com.gatecm.obsession.controller.LoginController.login(java.lang.String,java.lang.String)]
22:15:35 logback [http-nio-8787-exec-4] DEBUG c.g.o.mapper.MemberDao.selectByMap
				- ==>  Preparing: SELECT id AS id,gmt_modify AS gmtModify,gmt_create AS gmtCreate,nickname,phone_number AS phoneNumber,pswd,create_time AS createTime,last_login_time AS lastLoginTime,`status`,salt,is_del AS isDel FROM uc_member WHERE nickname = ? 
22:15:35 logback [http-nio-8787-exec-4] DEBUG c.g.o.mapper.MemberDao.selectByMap
				- ==> Parameters: 中转站(String)
22:15:35 logback [http-nio-8787-exec-4] DEBUG c.g.o.mapper.MemberDao.selectByMap
				- <==      Total: 1
22:25:29 logback [restartedMain] INFO  c.g.obsession.ObsessionApplication
				- Starting ObsessionApplication on NVT6EGJLR7JUVZF with PID 5056 (E:\web\obsession\target\classes started by Administrator in E:\web\obsession)
22:25:29 logback [restartedMain] INFO  c.g.obsession.ObsessionApplication
				- No active profile set, falling back to default profiles: default
22:25:29 logback [background-preinit] INFO  o.h.validator.internal.util.Version
				- HV000001: Hibernate Validator 6.0.2.Final
22:25:34 logback [restartedMain] INFO  c.alibaba.druid.pool.DruidDataSource
				- {dataSource-1} inited
22:25:34 logback [restartedMain] WARN  c.b.m.toolkit.TableInfoHelper
				- Warn: Could not find @TableId in Class: com.gatecm.obsession.entity.MemberIdentity.
22:25:34 logback [restartedMain] WARN  c.b.m.mapper.AutoSqlInjector
				- class com.gatecm.obsession.entity.MemberIdentity ,Not found @TableId annotation, Cannot use Mybatis-Plus 'xxById' Method.
22:25:34 logback [restartedMain] WARN  c.b.m.toolkit.TableInfoHelper
				- Warn: Could not find @TableId in Class: com.gatecm.obsession.entity.SysIdentityPermission.
22:25:34 logback [restartedMain] WARN  c.b.m.mapper.AutoSqlInjector
				- class com.gatecm.obsession.entity.SysIdentityPermission ,Not found @TableId annotation, Cannot use Mybatis-Plus 'xxById' Method.
22:25:34 logback [restartedMain] WARN  o.s.aop.framework.CglibAopProxy
				- Unable to proxy interface-implementing method [public final void org.apache.shiro.realm.AuthenticatingRealm.init()] because it is marked as final: Consider using interface-based JDK proxies instead!
22:25:34 logback [restartedMain] WARN  o.s.aop.framework.CglibAopProxy
				- Unable to proxy interface-implementing method [public final org.apache.shiro.authc.AuthenticationInfo org.apache.shiro.realm.AuthenticatingRealm.getAuthenticationInfo(org.apache.shiro.authc.AuthenticationToken) throws org.apache.shiro.authc.AuthenticationException] because it is marked as final: Consider using interface-based JDK proxies instead!
22:25:35 logback [restartedMain] INFO  o.a.catalina.core.StandardService
				- Starting service Tomcat
22:25:35 logback [restartedMain] INFO  o.a.catalina.core.StandardEngine
				- Starting Servlet Engine: Apache Tomcat/9.0.0.M17
22:25:35 logback [localhost-startStop-1] INFO  org.apache.jasper.servlet.TldScanner
				- At least one JAR was scanned for TLDs yet contained no TLDs. Enable debug logging for this logger for a complete list of JARs that were scanned but no TLDs were found in them. Skipping unneeded JARs during scanning can improve startup time and JSP compilation time.
22:25:35 logback [localhost-startStop-1] INFO  o.a.c.c.C.[Tomcat].[localhost].[/]
				- Initializing Spring embedded WebApplicationContext
22:25:37 logback [restartedMain] INFO  o.a.coyote.http11.Http11NioProtocol
				- Initializing ProtocolHandler ["http-nio-8787"]
22:25:37 logback [restartedMain] INFO  o.a.coyote.http11.Http11NioProtocol
				- Starting ProtocolHandler [http-nio-8787]
22:25:37 logback [restartedMain] INFO  o.a.tomcat.util.net.NioSelectorPool
				- Using a shared selector for servlet write/read
22:25:38 logback [restartedMain] INFO  c.g.obsession.ObsessionApplication
				- Started ObsessionApplication in 9.181 seconds (JVM running for 9.798)
22:25:50 logback [http-nio-8787-exec-1] INFO  o.a.c.c.C.[Tomcat].[localhost].[/]
				- Initializing Spring FrameworkServlet 'dispatcherServlet'
22:25:50 logback [http-nio-8787-exec-1] INFO  c.g.o.interceptor.MyInterceptor
				- MyInterceptor==>preHandle: preHandle:URI [/login], Request Mapping [public java.util.Map<java.lang.String, java.lang.Object> com.gatecm.obsession.controller.LoginController.login(java.lang.String,java.lang.String)]
22:25:50 logback [http-nio-8787-exec-1] DEBUG c.g.o.mapper.MemberDao.selectByMap
				- ==>  Preparing: SELECT id AS id,gmt_modify AS gmtModify,gmt_create AS gmtCreate,nickname,phone_number AS phoneNumber,pswd,create_time AS createTime,last_login_time AS lastLoginTime,`status`,salt,is_del AS isDel FROM uc_member WHERE nickname = ? 
22:25:51 logback [http-nio-8787-exec-1] DEBUG c.g.o.mapper.MemberDao.selectByMap
				- ==> Parameters: 中转站(String)
22:25:51 logback [http-nio-8787-exec-1] DEBUG c.g.o.mapper.MemberDao.selectByMap
				- <==      Total: 1
22:25:53 logback [http-nio-8787-exec-3] INFO  c.g.o.interceptor.MyInterceptor
				- MyInterceptor==>preHandle: preHandle:URI [/plugin/bootstrap/bootstrap.min.css], Request Mapping [ResourceHttpRequestHandler [locations=[class path resource [META-INF/resources/], class path resource [resources/], class path resource [static/], class path resource [public/], ServletContext resource [/]], resolvers=[org.springframework.web.servlet.resource.PathResourceResolver@4852400c]]]
22:25:53 logback [http-nio-8787-exec-5] INFO  c.g.o.interceptor.MyInterceptor
				- MyInterceptor==>preHandle: preHandle:URI [/plugin/bootstrap/bootstrap.min.js], Request Mapping [ResourceHttpRequestHandler [locations=[class path resource [META-INF/resources/], class path resource [resources/], class path resource [static/], class path resource [public/], ServletContext resource [/]], resolvers=[org.springframework.web.servlet.resource.PathResourceResolver@4852400c]]]
22:25:53 logback [http-nio-8787-exec-4] INFO  c.g.o.interceptor.MyInterceptor
				- MyInterceptor==>preHandle: preHandle:URI [/plugin/jquery/jquery.min.js], Request Mapping [ResourceHttpRequestHandler [locations=[class path resource [META-INF/resources/], class path resource [resources/], class path resource [static/], class path resource [public/], ServletContext resource [/]], resolvers=[org.springframework.web.servlet.resource.PathResourceResolver@4852400c]]]
22:25:55 logback [http-nio-8787-exec-6] INFO  c.g.o.interceptor.MyInterceptor
				- MyInterceptor==>preHandle: preHandle:URI [/login], Request Mapping [public java.util.Map<java.lang.String, java.lang.Object> com.gatecm.obsession.controller.LoginController.login(java.lang.String,java.lang.String)]
22:25:55 logback [http-nio-8787-exec-6] DEBUG c.g.o.mapper.MemberDao.selectByMap
				- ==>  Preparing: SELECT id AS id,gmt_modify AS gmtModify,gmt_create AS gmtCreate,nickname,phone_number AS phoneNumber,pswd,create_time AS createTime,last_login_time AS lastLoginTime,`status`,salt,is_del AS isDel FROM uc_member WHERE nickname = ? 
22:25:55 logback [http-nio-8787-exec-6] DEBUG c.g.o.mapper.MemberDao.selectByMap
				- ==> Parameters: 中转站(String)
22:25:55 logback [http-nio-8787-exec-6] DEBUG c.g.o.mapper.MemberDao.selectByMap
				- <==      Total: 1
